[0.151s] DEBUG:colcon:Command line arguments: ['/usr/bin/colcon', 'list', '-p', '--base-paths', '/home/dani/turtlebot3_ws/src/ros2_explorer']
[0.151s] DEBUG:colcon:Parsed command line arguments: Namespace(base_paths=['/home/dani/turtlebot3_ws/src/ros2_explorer'], build_base='build', ignore_user_meta=False, log_base=None, log_level=None, main=<bound method ListVerb.main of <colcon_package_information.verb.list.ListVerb object at 0x7f7e7c0396d0>>, metas=['./colcon.meta'], names_only=False, packages_above=None, packages_above_and_dependencies=None, packages_above_depth=None, packages_end=None, packages_ignore=None, packages_ignore_regex=None, packages_select=None, packages_select_build_failed=False, packages_select_by_dep=None, packages_select_regex=None, packages_select_test_failures=False, packages_skip=None, packages_skip_build_finished=False, packages_skip_by_dep=None, packages_skip_regex=None, packages_skip_test_passed=False, packages_skip_up_to=None, packages_start=None, packages_up_to=None, packages_up_to_regex=None, paths=None, paths_only=True, topological_graph=False, topological_graph_density=False, topological_graph_dot=False, topological_graph_dot_cluster=False, topological_graph_dot_include_skipped=False, topological_graph_legend=False, topological_order=False, verb_extension=<colcon_package_information.verb.list.ListVerb object at 0x7f7e7c0396d0>, verb_name='list', verb_parser=<colcon_defaults.argument_parser.defaults.DefaultArgumentsDecorator object at 0x7f7e7bf69670>)
[0.179s] Level 1:colcon.colcon_core.package_discovery:discover_packages(colcon_meta) check parameters
[0.180s] Level 1:colcon.colcon_core.package_discovery:discover_packages(recursive) check parameters
[0.180s] Level 1:colcon.colcon_core.package_discovery:discover_packages(ignore) check parameters
[0.180s] Level 1:colcon.colcon_core.package_discovery:discover_packages(path) check parameters
[0.180s] Level 1:colcon.colcon_core.package_discovery:discover_packages(recursive) discover
[0.180s] INFO:colcon.colcon_core.package_discovery:Crawling recursively for packages in '/home/dani/turtlebot3_ws/src/ros2_explorer'
[0.181s] Level 1:colcon.colcon_core.package_identification:_identify(/home/dani/turtlebot3_ws/src/ros2_explorer) by extensions ['ignore', 'ignore_ament_install']
[0.181s] Level 1:colcon.colcon_core.package_identification:_identify(/home/dani/turtlebot3_ws/src/ros2_explorer) by extension 'ignore'
[0.182s] Level 1:colcon.colcon_core.package_identification:_identify(/home/dani/turtlebot3_ws/src/ros2_explorer) by extension 'ignore_ament_install'
[0.182s] Level 1:colcon.colcon_core.package_identification:_identify(/home/dani/turtlebot3_ws/src/ros2_explorer) by extensions ['colcon_pkg']
[0.182s] Level 1:colcon.colcon_core.package_identification:_identify(/home/dani/turtlebot3_ws/src/ros2_explorer) by extension 'colcon_pkg'
[0.182s] Level 1:colcon.colcon_core.package_identification:_identify(/home/dani/turtlebot3_ws/src/ros2_explorer) by extensions ['colcon_meta']
[0.182s] Level 1:colcon.colcon_core.package_identification:_identify(/home/dani/turtlebot3_ws/src/ros2_explorer) by extension 'colcon_meta'
[0.183s] Level 1:colcon.colcon_core.package_identification:_identify(/home/dani/turtlebot3_ws/src/ros2_explorer) by extensions ['ros']
[0.183s] Level 1:colcon.colcon_core.package_identification:_identify(/home/dani/turtlebot3_ws/src/ros2_explorer) by extension 'ros'
[0.203s] Level 1:colcon.colcon_core.package_identification:_identify(/home/dani/turtlebot3_ws/src/ros2_explorer) by extensions ['cmake', 'python']
[0.203s] Level 1:colcon.colcon_core.package_identification:_identify(/home/dani/turtlebot3_ws/src/ros2_explorer) by extension 'cmake'
[0.204s] Level 1:colcon.colcon_core.package_identification:_identify(/home/dani/turtlebot3_ws/src/ros2_explorer) by extension 'python'
[0.204s] Level 1:colcon.colcon_core.package_identification:_identify(/home/dani/turtlebot3_ws/src/ros2_explorer) by extensions ['python_setup_py']
[0.204s] Level 1:colcon.colcon_core.package_identification:_identify(/home/dani/turtlebot3_ws/src/ros2_explorer) by extension 'python_setup_py'
[0.204s] Level 1:colcon.colcon_core.package_identification:_identify(/home/dani/turtlebot3_ws/src/ros2_explorer/explorer_bringup) by extensions ['ignore', 'ignore_ament_install']
[0.204s] Level 1:colcon.colcon_core.package_identification:_identify(/home/dani/turtlebot3_ws/src/ros2_explorer/explorer_bringup) by extension 'ignore'
[0.204s] Level 1:colcon.colcon_core.package_identification:_identify(/home/dani/turtlebot3_ws/src/ros2_explorer/explorer_bringup) by extension 'ignore_ament_install'
[0.204s] Level 1:colcon.colcon_core.package_identification:_identify(/home/dani/turtlebot3_ws/src/ros2_explorer/explorer_bringup) by extensions ['colcon_pkg']
[0.204s] Level 1:colcon.colcon_core.package_identification:_identify(/home/dani/turtlebot3_ws/src/ros2_explorer/explorer_bringup) by extension 'colcon_pkg'
[0.204s] Level 1:colcon.colcon_core.package_identification:_identify(/home/dani/turtlebot3_ws/src/ros2_explorer/explorer_bringup) by extensions ['colcon_meta']
[0.204s] Level 1:colcon.colcon_core.package_identification:_identify(/home/dani/turtlebot3_ws/src/ros2_explorer/explorer_bringup) by extension 'colcon_meta'
[0.204s] Level 1:colcon.colcon_core.package_identification:_identify(/home/dani/turtlebot3_ws/src/ros2_explorer/explorer_bringup) by extensions ['ros']
[0.204s] Level 1:colcon.colcon_core.package_identification:_identify(/home/dani/turtlebot3_ws/src/ros2_explorer/explorer_bringup) by extension 'ros'
[0.207s] DEBUG:colcon.colcon_core.package_identification:Package '/home/dani/turtlebot3_ws/src/ros2_explorer/explorer_bringup' with type 'ros.ament_python' and name 'explorer_bringup'
[0.207s] Level 1:colcon.colcon_core.package_identification:_identify(/home/dani/turtlebot3_ws/src/ros2_explorer/explorer_description) by extensions ['ignore', 'ignore_ament_install']
[0.207s] Level 1:colcon.colcon_core.package_identification:_identify(/home/dani/turtlebot3_ws/src/ros2_explorer/explorer_description) by extension 'ignore'
[0.208s] Level 1:colcon.colcon_core.package_identification:_identify(/home/dani/turtlebot3_ws/src/ros2_explorer/explorer_description) by extension 'ignore_ament_install'
[0.208s] Level 1:colcon.colcon_core.package_identification:_identify(/home/dani/turtlebot3_ws/src/ros2_explorer/explorer_description) by extensions ['colcon_pkg']
[0.208s] Level 1:colcon.colcon_core.package_identification:_identify(/home/dani/turtlebot3_ws/src/ros2_explorer/explorer_description) by extension 'colcon_pkg'
[0.208s] Level 1:colcon.colcon_core.package_identification:_identify(/home/dani/turtlebot3_ws/src/ros2_explorer/explorer_description) by extensions ['colcon_meta']
[0.208s] Level 1:colcon.colcon_core.package_identification:_identify(/home/dani/turtlebot3_ws/src/ros2_explorer/explorer_description) by extension 'colcon_meta'
[0.208s] Level 1:colcon.colcon_core.package_identification:_identify(/home/dani/turtlebot3_ws/src/ros2_explorer/explorer_description) by extensions ['ros']
[0.208s] Level 1:colcon.colcon_core.package_identification:_identify(/home/dani/turtlebot3_ws/src/ros2_explorer/explorer_description) by extension 'ros'
[0.208s] DEBUG:colcon.colcon_core.package_identification:Package '/home/dani/turtlebot3_ws/src/ros2_explorer/explorer_description' with type 'ros.ament_cmake' and name 'explorer_description'
[0.208s] Level 1:colcon.colcon_core.package_identification:_identify(/home/dani/turtlebot3_ws/src/ros2_explorer/explorer_gazebo) by extensions ['ignore', 'ignore_ament_install']
[0.209s] Level 1:colcon.colcon_core.package_identification:_identify(/home/dani/turtlebot3_ws/src/ros2_explorer/explorer_gazebo) by extension 'ignore'
[0.209s] Level 1:colcon.colcon_core.package_identification:_identify(/home/dani/turtlebot3_ws/src/ros2_explorer/explorer_gazebo) by extension 'ignore_ament_install'
[0.209s] Level 1:colcon.colcon_core.package_identification:_identify(/home/dani/turtlebot3_ws/src/ros2_explorer/explorer_gazebo) by extensions ['colcon_pkg']
[0.209s] Level 1:colcon.colcon_core.package_identification:_identify(/home/dani/turtlebot3_ws/src/ros2_explorer/explorer_gazebo) by extension 'colcon_pkg'
[0.209s] Level 1:colcon.colcon_core.package_identification:_identify(/home/dani/turtlebot3_ws/src/ros2_explorer/explorer_gazebo) by extensions ['colcon_meta']
[0.209s] Level 1:colcon.colcon_core.package_identification:_identify(/home/dani/turtlebot3_ws/src/ros2_explorer/explorer_gazebo) by extension 'colcon_meta'
[0.209s] Level 1:colcon.colcon_core.package_identification:_identify(/home/dani/turtlebot3_ws/src/ros2_explorer/explorer_gazebo) by extensions ['ros']
[0.209s] Level 1:colcon.colcon_core.package_identification:_identify(/home/dani/turtlebot3_ws/src/ros2_explorer/explorer_gazebo) by extension 'ros'
[0.209s] DEBUG:colcon.colcon_core.package_identification:Package '/home/dani/turtlebot3_ws/src/ros2_explorer/explorer_gazebo' with type 'ros.ament_cmake' and name 'explorer_gazebo'
[0.209s] Level 1:colcon.colcon_core.package_identification:_identify(/home/dani/turtlebot3_ws/src/ros2_explorer/explorer_interfaces) by extensions ['ignore', 'ignore_ament_install']
[0.210s] Level 1:colcon.colcon_core.package_identification:_identify(/home/dani/turtlebot3_ws/src/ros2_explorer/explorer_interfaces) by extension 'ignore'
[0.210s] Level 1:colcon.colcon_core.package_identification:_identify(/home/dani/turtlebot3_ws/src/ros2_explorer/explorer_interfaces) by extension 'ignore_ament_install'
[0.210s] Level 1:colcon.colcon_core.package_identification:_identify(/home/dani/turtlebot3_ws/src/ros2_explorer/explorer_interfaces) by extensions ['colcon_pkg']
[0.210s] Level 1:colcon.colcon_core.package_identification:_identify(/home/dani/turtlebot3_ws/src/ros2_explorer/explorer_interfaces) by extension 'colcon_pkg'
[0.210s] Level 1:colcon.colcon_core.package_identification:_identify(/home/dani/turtlebot3_ws/src/ros2_explorer/explorer_interfaces) by extensions ['colcon_meta']
[0.210s] Level 1:colcon.colcon_core.package_identification:_identify(/home/dani/turtlebot3_ws/src/ros2_explorer/explorer_interfaces) by extension 'colcon_meta'
[0.210s] Level 1:colcon.colcon_core.package_identification:_identify(/home/dani/turtlebot3_ws/src/ros2_explorer/explorer_interfaces) by extensions ['ros']
[0.210s] Level 1:colcon.colcon_core.package_identification:_identify(/home/dani/turtlebot3_ws/src/ros2_explorer/explorer_interfaces) by extension 'ros'
[0.210s] DEBUG:colcon.colcon_core.package_identification:Package '/home/dani/turtlebot3_ws/src/ros2_explorer/explorer_interfaces' with type 'ros.ament_cmake' and name 'explorer_interfaces'
[0.211s] Level 1:colcon.colcon_core.package_identification:_identify(/home/dani/turtlebot3_ws/src/ros2_explorer/log) by extensions ['ignore', 'ignore_ament_install']
[0.211s] Level 1:colcon.colcon_core.package_identification:_identify(/home/dani/turtlebot3_ws/src/ros2_explorer/log) by extension 'ignore'
[0.211s] Level 1:colcon.colcon_core.package_identification:_identify(/home/dani/turtlebot3_ws/src/ros2_explorer/log) ignored
[0.211s] Level 1:colcon.colcon_core.package_discovery:discover_packages(recursive) using defaults
